<?xml version="1.0" encoding="UTF-8"?>
<!-- Generated by org.testng.reporters.JUnitReportReporter -->
<testsuite hostname="LAPTOP-FO3B0EN3" failures="0" tests="4" name="TestNG.Groups" time="16.929" errors="0" timestamp="2022-11-23T12:52:01 IST" skipped="0">
  <testcase classname="TestNG.Groups" name="setup" time="16.604"/>
  <system-out/>
  <testcase classname="TestNG.Groups" name="testTitle" time="0.025"/>
  <system-out/>
  <testcase classname="TestNG.Groups" name="testdropdown" time="0.299"/>
  <system-out/>
  <testcase classname="TestNG.Groups" name="end" time="0.001"/>
  <system-out/>
</testsuite> <!-- TestNG.Groups -->
