<?xml version="1.0" encoding="UTF-8"?>
<!-- Generated by org.testng.reporters.JUnitReportReporter -->
<testsuite hostname="LAPTOP-MTUFFKI8" failures="0" tests="4" name="ui.logintest" time="0.010" errors="0" timestamp="2022-11-10T11:12:22 IST" skipped="0">
  <testcase classname="ui.logintest" name="Logintest" time="0.001"/>
  <system-out/>
  <testcase classname="ui.logintest" name="Logintest" time="0.005"/>
  <system-out/>
  <testcase classname="ui.logintest" name="LogoutTest" time="0.001"/>
  <system-out/>
  <testcase classname="ui.logintest" name="LogoutTest" time="0.003"/>
  <system-out/>
</testsuite> <!-- ui.logintest -->
