<?xml version="1.0" encoding="UTF-8"?>
<!-- Generated by org.testng.reporters.JUnitReportReporter -->
<testsuite hostname="LAPTOP-MTUFFKI8" failures="0" tests="3" name="ui.groupdemo" time="0.010" errors="0" timestamp="2022-11-10T11:17:51 IST" skipped="0">
  <testcase classname="ui.groupdemo" name="aTest3" time="0.009"/>
  <system-out/>
  <testcase classname="ui.groupdemo" name="aTest1" time="0.000"/>
  <system-out/>
  <testcase classname="ui.groupdemo" name="aTest2" time="0.001"/>
  <system-out/>
</testsuite> <!-- ui.groupdemo -->
