<?xml version="1.0" encoding="UTF-8"?>
<!-- Generated by org.testng.reporters.JUnitReportReporter -->
<testsuite hostname="LAPTOP-MTUFFKI8" failures="0" tests="1" name="ui.verifytitle" time="8.218" errors="0" timestamp="2022-11-10T11:12:22 IST" skipped="0">
  <testcase classname="ui.verifytitle" name="titleTest" time="8.218"/>
  <system-out/>
</testsuite> <!-- ui.verifytitle -->
