<?xml version="1.0" encoding="UTF-8"?>
<!-- Generated by org.testng.reporters.JUnitReportReporter -->
<testsuite hostname="LAPTOP-MTUFFKI8" failures="0" tests="3" name="ui.skip" time="0.008" errors="0" timestamp="2022-11-10T12:27:04 IST" skipped="3">
  <testcase classname="ui.skip" name="skiptest3" time="0.000">
    <skipped/>
  </testcase> <!-- skiptest3 -->
  <system-out/>
  <testcase classname="ui.skip" name="skiptest2" time="0.008">
    <skipped/>
  </testcase> <!-- skiptest2 -->
  <system-out/>
  <testcase classname="ui.skip" name="skiptest1">
    <skipped/>
  </testcase> <!-- skiptest1 -->
  <system-out/>
</testsuite> <!-- ui.skip -->
